<?xml version="1.0" encoding="UTF-8"?>
<testng-results ignored="0" total="1" passed="1" failed="0" skipped="0">
  <reporter-output>
  </reporter-output>
  <suite started-at="2024-02-05T19:37:35 IST" name="Default suite" finished-at="2024-02-05T19:40:00 IST" duration-ms="144361">
    <groups>
    </groups>
    <test started-at="2024-02-05T19:37:35 IST" name="Default test" finished-at="2024-02-05T19:40:00 IST" duration-ms="144361">
      <class name="com.Rigbot_Test_Scripts.Loads.Quick_Setup.Quick_Setup">
        <test-method is-config="true" signature="report()[pri:0, instance:com.Rigbot_Test_Scripts.Loads.Quick_Setup.Quick_Setup@23c30a20]" started-at="2024-02-05T19:37:35 IST" name="report" finished-at="2024-02-05T19:37:36 IST" duration-ms="277" status="PASS">
          <reporter-output>
          </reporter-output>
        </test-method> <!-- report -->
        <test-method is-config="true" signature="openbrowser()[pri:0, instance:com.Rigbot_Test_Scripts.Loads.Quick_Setup.Quick_Setup@23c30a20]" started-at="2024-02-05T19:37:36 IST" name="openbrowser" finished-at="2024-02-05T19:37:38 IST" duration-ms="2036" status="PASS">
          <reporter-output>
          </reporter-output>
        </test-method> <!-- openbrowser -->
        <test-method is-config="true" signature="login()[pri:0, instance:com.Rigbot_Test_Scripts.Loads.Quick_Setup.Quick_Setup@23c30a20]" started-at="2024-02-05T19:37:38 IST" name="login" finished-at="2024-02-05T19:37:56 IST" duration-ms="18017" status="PASS">
          <reporter-output>
          </reporter-output>
        </test-method> <!-- login -->
        <test-method signature="test_Quick_Setup()[pri:0, instance:com.Rigbot_Test_Scripts.Loads.Quick_Setup.Quick_Setup@23c30a20]" started-at="2024-02-05T19:37:56 IST" name="test_Quick_Setup" finished-at="2024-02-05T19:39:50 IST" duration-ms="113934" status="PASS">
          <reporter-output>
          </reporter-output>
        </test-method> <!-- test_Quick_Setup -->
        <test-method is-config="true" signature="logout()[pri:0, instance:com.Rigbot_Test_Scripts.Loads.Quick_Setup.Quick_Setup@23c30a20]" started-at="2024-02-05T19:39:50 IST" name="logout" finished-at="2024-02-05T19:39:50 IST" duration-ms="0" status="PASS">
          <reporter-output>
          </reporter-output>
        </test-method> <!-- logout -->
        <test-method is-config="true" signature="closeapp()[pri:0, instance:com.Rigbot_Test_Scripts.Loads.Quick_Setup.Quick_Setup@23c30a20]" started-at="2024-02-05T19:39:50 IST" name="closeapp" finished-at="2024-02-05T19:39:59 IST" duration-ms="9329" status="PASS">
          <reporter-output>
          </reporter-output>
        </test-method> <!-- closeapp -->
        <test-method is-config="true" signature="reclose()[pri:0, instance:com.Rigbot_Test_Scripts.Loads.Quick_Setup.Quick_Setup@23c30a20]" started-at="2024-02-05T19:39:59 IST" name="reclose" finished-at="2024-02-05T19:40:00 IST" duration-ms="709" status="PASS">
          <reporter-output>
          </reporter-output>
        </test-method> <!-- reclose -->
      </class> <!-- com.Rigbot_Test_Scripts.Loads.Quick_Setup.Quick_Setup -->
    </test> <!-- Default test -->
  </suite> <!-- Default suite -->
</testng-results>
